c:\users\dell\desktop\game-kha\megamanx3\megamanx3\debug\vc141.pdb
c:\users\dell\desktop\game-kha\megamanx3\megamanx3\debug\vc141.idb
c:\users\dell\desktop\game-kha\megamanx3\megamanx3\debug\viewport.obj
c:\users\dell\desktop\game-kha\megamanx3\megamanx3\debug\tiledmap.obj
c:\users\dell\desktop\game-kha\megamanx3\megamanx3\debug\scenemanager.obj
c:\users\dell\desktop\game-kha\megamanx3\megamanx3\debug\player.obj
c:\users\dell\desktop\game-kha\megamanx3\megamanx3\debug\main.obj
c:\users\dell\desktop\game-kha\megamanx3\megamanx3\debug\keyboard.obj
c:\users\dell\desktop\game-kha\megamanx3\megamanx3\debug\introscene.obj
c:\users\dell\desktop\game-kha\megamanx3\megamanx3\debug\graphicsdevice.obj
c:\users\dell\desktop\game-kha\megamanx3\megamanx3\debug\gamesprite.obj
c:\users\dell\desktop\game-kha\megamanx3\megamanx3\debug\cgame.obj
c:\users\dell\desktop\game-kha\megamanx3\megamanx3\debug\game.obj
c:\users\dell\desktop\game-kha\megamanx3\debug\megamanx3.exe
c:\users\dell\desktop\game-kha\megamanx3\debug\megamanx3.ilk
c:\users\dell\desktop\game-kha\megamanx3\debug\megamanx3.pdb
c:\users\dell\desktop\game-kha\megamanx3\megamanx3\debug\megamanx3.tlog\cl.command.1.tlog
c:\users\dell\desktop\game-kha\megamanx3\megamanx3\debug\megamanx3.tlog\cl.read.1.tlog
c:\users\dell\desktop\game-kha\megamanx3\megamanx3\debug\megamanx3.tlog\cl.write.1.tlog
c:\users\dell\desktop\game-kha\megamanx3\megamanx3\debug\megamanx3.tlog\link.command.1.tlog
c:\users\dell\desktop\game-kha\megamanx3\megamanx3\debug\megamanx3.tlog\link.read.1.tlog
c:\users\dell\desktop\game-kha\megamanx3\megamanx3\debug\megamanx3.tlog\link.write.1.tlog
